<?xml version="1.0" encoding="UTF-8"?>
<!-- Generated by org.testng.reporters.JUnitReportReporter -->
<testsuite hostname="Abhi-desktop" failures="0" tests="4" name="TESTNGCONCEPTS.GROUPS" time="0.034" errors="0" timestamp="2024-11-09T20:28:16 IST" skipped="0">
  <testcase classname="TESTNGCONCEPTS.GROUPS" name="method2" time="0.003"/>
  <system-out/>
  <testcase classname="TESTNGCONCEPTS.GROUPS" name="method3" time="0.004"/>
  <system-out/>
  <testcase classname="TESTNGCONCEPTS.GROUPS" name="method4" time="0.002"/>
  <system-out/>
  <testcase classname="TESTNGCONCEPTS.GROUPS" name="method1" time="0.025"/>
  <system-out/>
</testsuite> <!-- TESTNGCONCEPTS.GROUPS -->
