<?xml version="1.0" encoding="UTF-8"?>
<!-- Generated by org.testng.reporters.JUnitReportReporter -->
<testsuite hostname="Abhi-desktop" failures="0" tests="3" name="TestCases.RegistrationTestcases" time="9.679" errors="0" timestamp="2024-11-16T22:10:48 IST" skipped="2">
  <testcase classname="TestCases.RegistrationTestcases" name="verifyregisterwithValiddata" time="9.679"/>
  <system-out/>
  <testcase classname="TestCases.RegistrationTestcases" name="verifyregisterwithInValiddata">
    <skipped/>
  </testcase> <!-- verifyregisterwithInValiddata -->
  <system-out/>
  <testcase classname="TestCases.RegistrationTestcases" name="verifyregisterwithBlankdata">
    <skipped/>
  </testcase> <!-- verifyregisterwithBlankdata -->
  <system-out/>
</testsuite> <!-- TestCases.RegistrationTestcases -->
