<?xml version="1.0" encoding="UTF-8"?>
<!-- Generated by org.testng.reporters.JUnitReportReporter -->
<testsuite hostname="Abhi-desktop" failures="0" tests="1" name="TestCases.RegistrationTestcases" time="10.241" errors="0" timestamp="2024-11-12T16:39:03 IST" skipped="0">
  <testcase classname="TestCases.RegistrationTestcases" name="verifyregisterwithValiddata" time="10.241"/>
  <system-out/>
</testsuite> <!-- TestCases.RegistrationTestcases -->
